#
# A fatal error has been detected by the Java Runtime Environment:
#
#  SIGSEGV (0xb) at pc=0x00007f6868db7f40, pid=7716, tid=7798
#
# JRE version: OpenJDK Runtime Environment (17.0.9+9) (build 17.0.9+9-Ubuntu-122.04)
# Java VM: OpenJDK 64-Bit Server VM (17.0.9+9-Ubuntu-122.04, mixed mode, sharing, tiered, compressed oops, compressed class ptrs, g1 gc, linux-amd64)
# Problematic frame:
# C  [RotationLib.so+0xbf40]  Java_libraryInterfaces_RotationInterface_applyRotation+0x42b
#
# Core dump will be written. Default location: Core dumps may be processed with "/usr/share/apport/apport -p%p -s%s -c%c -d%d -P%P -u%u -g%g -- %E" (or dumping to /home/asus/Desktop/p/P2-2023-Project/core.7716)
#
# If you would like to submit a bug report, please visit:
#   Unknown
# The crash happened outside the Java Virtual Machine in native code.
# See problematic frame for where to report the bug.
#

---------------  S U M M A R Y ------------

Command Line: -javaagent:/home/asus/idea-IC-232.10227.8/lib/idea_rt.jar=40471:/home/asus/idea-IC-232.10227.8/bin -Dfile.encoding=UTF-8 com.iiitb.imageEffectApplication.ImageEffectApplication

Host: 12th Gen Intel(R) Core(TM) i7-12700H, 20 cores, 15G, Ubuntu 22.04.3 LTS
Time: Tue Jan  2 19:55:15 2024 IST elapsed time: 122.912568 seconds (0d 0h 2m 2s)

---------------  T H R E A D  ---------------

Current thread (0x00007f6860d3e7b0):  JavaThread "http-nio-8000-exec-6" daemon [_thread_in_native, id=7798, stack(0x00007f67e2e00000,0x00007f67e2f00000)]

Stack: [0x00007f67e2e00000,0x00007f67e2f00000],  sp=0x00007f67e2efc850,  free space=1010k
Native frames: (J=compiled Java code, j=interpreted, Vv=VM code, C=native code)
C  [RotationLib.so+0xbf40]  Java_libraryInterfaces_RotationInterface_applyRotation+0x42b
j  libraryInterfaces.RotationInterface.applyRotation([[LlibraryInterfaces/Pixel;I)[[LlibraryInterfaces/Pixel;+0
j  com.iiitb.imageEffectApplication.EFFECT.RotateEffect.apply([[LlibraryInterfaces/Pixel;Ljava/lang/String;Lcom/iiitb/imageEffectApplication/service/LoggingService;)[[LlibraryInterfaces/Pixel;+29
j  com.iiitb.imageEffectApplication.service.PhotoEffectService.applyRotationEffect(ILorg/springframework/web/multipart/MultipartFile;)Lorg/springframework/http/ResponseEntity;+50
j  com.iiitb.imageEffectApplication.controller.PhotoController.applyRotationEffect(ILorg/springframework/web/multipart/MultipartFile;)Lorg/springframework/http/ResponseEntity;+6
v  ~StubRoutines::call_stub
V  [libjvm.so+0x838e25]